<!DOCTYPE suite SYSTEM "http://testng.org/testng-1.0.dtd" >

<suite name="Suite1" verbose="1" >
    <test name="Group" >
        <classes>
            <class name="ru.webarch.jstudy.addressbook.tests.GroupCreationTest" />
            <class name="ru.webarch.jstudy.addressbook.tests.GroupModificationTest" />
            <class name="ru.webarch.jstudy.addressbook.tests.GroupDeletionTest" />
        </classes>
    </test>
</suite>
