<!DOCTYPE suite SYSTEM "http://testng.org/testng-1.0.dtd" >

<suite name="Suite1" verbose="1" >
    <test name="Contact" >
        <classes>
            <class name="ru.webarch.jstudy.addressbook.tests.ContactCreationTest" />
            <class name="ru.webarch.jstudy.addressbook.tests.ContactModificationTest" />
            <class name="ru.webarch.jstudy.addressbook.tests.ContactDeletionTest" />
        </classes>
    </test>
</suite>
